<?xml version="1.0" encoding="UTF-8"?>
<testsuite name="SILab2Test" tests="1" skipped="0" failures="0" errors="0" timestamp="2022-06-03T16:26:22" hostname="DAVORPC" time="0.031">
  <properties/>
  <testcase name="everyBranchTest()" classname="SILab2Test" time="0.031"/>
  <system-out><![CDATA[]]></system-out>
  <system-err><![CDATA[]]></system-err>
</testsuite>
